make all -C /home/roman/Documents/C++ workspace/Proekt_mospolitech/Zad_Z_R/build --print-data-base --no-builtin-variables --no-builtin-rules --question
make: *** /home/roman/Documents/C++ workspace/Proekt_mospolitech/Zad_Z_R/build: No such file or directory.  Stop.

# GNU Make 4.3
# Built for x86_64-pc-linux-gnu
# Copyright (C) 1988-2020 Free Software Foundation, Inc.
# License GPLv3+: GNU GPL version 3 or later <http://gnu.org/licenses/gpl.html>
# This is free software: you are free to change and redistribute it.
# There is NO WARRANTY, to the extent permitted by law.

# Make data base, printed on Mon Jul 11 12:36:15 2022

# Variables

# environment
GDK_BACKEND = x11
# environment
LC_ALL = C
# environment
NO_AT_BRIDGE = 1
# environment
LC_NAME = ru_RU.UTF-8
# environment
LC_NUMERIC = ru_RU.UTF-8
# environment
VSCODE_CWD = /home/roman
# environment
LC_ADDRESS = ru_RU.UTF-8
# default
MAKE_COMMAND := make
# environment
GTK3_MODULES = xapp-gtk3-module
# environment
VSCODE_HANDLES_UNCAUGHT_ERRORS = true
# default
.VARIABLES := 
# environment
PWD = /home/roman/Documents/C++ workspace/Proekt_mospolitech/Zad_Z_R
# environment
MAIL = /var/spool/mail/roman
# environment
OLDPWD = /home/roman
# environment
VSCODE_CODE_CACHE_PATH = /home/roman/.config/Code/CachedData/92d25e35d9bf1a6b16f7d0758f25d48ace11e5b9
# environment
XDG_SESSION_PATH = /org/freedesktop/DisplayManager/Session3
# environment
LANG = C
# environment
XAUTHORITY = /home/roman/.Xauthority
# default
.LOADED := 
# environment
APPLICATION_INSIGHTS_NO_DIAGNOSTIC_CHANNEL = true
# default
.SHELLFLAGS := -c
# environment
XDG_SESSION_DESKTOP = 
# environment
VSCODE_PID = 26243
# environment
XDG_SESSION_TYPE = x11
# environment
QT_QPA_PLATFORMTHEME = qt5ct
# environment
CHROME_DESKTOP = code-url-handler.desktop
# environment
DBUS_SESSION_BUS_ADDRESS = unix:path=/run/user/1000/bus
# environment
VSCODE_NLS_CONFIG = {"locale":"en-us","availableLanguages":{},"_languagePackSupport":true}
# environment
SHELL = /bin/zsh
# default
MAKECMDGOALS := all
# environment
SHLVL = 2
# default
MAKE = $(MAKE_COMMAND)
# environment
PATH = /usr/share/archcraft/scripts:/usr/local/sbin:/usr/local/bin:/usr/bin:/usr/bin/site_perl:/usr/bin/vendor_perl:/usr/bin/core_perl
# environment
LC_MONETARY = ru_RU.UTF-8
# environment
MOTD_SHOWN = pam
# environment
LC_TIME = ru_RU.UTF-8
# environment
LC_TELEPHONE = ru_RU.UTF-8
# environment
XDG_SEAT = seat0
# environment
XDG_CURRENT_DESKTOP = 
# environment
XDG_SEAT_PATH = /org/freedesktop/DisplayManager/Seat0
# environment
DESKTOP_SESSION = openbox
# environment
ORIGINAL_XDG_CURRENT_DESKTOP = 
# environment
GNUMAKEFLAGS := 
# environment
LOGNAME = roman
# environment
XDG_VTNR = 1
# environment
DISPLAY = :0
# environment
GTK_MODULES = canberra-gtk-module
# environment
USER = roman
# environment
LC_MEASUREMENT = ru_RU.UTF-8
# environment
_ = /usr/bin/make
# environment
LC_PAPER = ru_RU.UTF-8
# environment
XDG_RUNTIME_DIR = /run/user/1000
# environment
XDG_SESSION_CLASS = user
# environment
VSCODE_AMD_ENTRYPOINT = vs/workbench/api/node/extensionHostProcess
# environment
HOME = /home/roman
# environment
ELECTRON_RUN_AS_NODE = 1
# environment
VSCODE_IPC_HOOK = /run/user/1000/vscode-f73cca1c-1.69.0-main.sock
# environment
XDG_SESSION_ID = 5
# default
.RECIPEPREFIX := 
# environment
VSCODE_CLI = 1
# environment
ELECTRON_NO_ATTACH_CONSOLE = 1
# default
.FEATURES := target-specific order-only second-expansion else-if shortest-stem undefine oneshell nocomment grouped-target extra-prereqs archives jobserver output-sync check-symlink guile load
# environment
LC_IDENTIFICATION = ru_RU.UTF-8
# variable set hash-table stats:
# Load=63/1024=6%, Rehash=0, Collisions=2/67=3%

# Pattern-specific Variable Values

# No pattern-specific variable values.

# Directories


# No files, no impossibilities in 0 directories.

# Implicit Rules

# No implicit rules.

# Files

# Not a target:
all:
#  Command line target.
#  Implicit rule search has not been done.
#  Modification time never checked.
#  File has not been updated.

# files hash-table stats:
# Load=1/1024=0%, Rehash=0, Collisions=0/1=0%
# VPATH Search Paths

# No 'vpath' search paths.

# No general ('VPATH' variable) search path.

# strcache buffers: 1 (0) / strings = 2 / storage = 73 B / avg = 36 B
# current buf: size = 8162 B / used = 73 B / count = 2 / avg = 36 B

# strcache performance: lookups = 3 / hit rate = 33%
# hash-table stats:
# Load=2/8192=0%, Rehash=0, Collisions=0/3=0%
# Finished Make data base on Mon Jul 11 12:36:15 2022

 
